<?xml version="1.0" encoding="UTF-8"?>
<!-- Generated by org.testng.reporters.JUnitReportReporter -->
<testsuite hostname="DESKTOP-I3ITICF" failures="0" tests="1" name="TestCases.verifysignin" time="40.177" errors="0" timestamp="2022-04-14T16:56:03 IST" skipped="0">
  <testcase classname="TestCases.verifysignin" name="enterCredientials" time="40.177"/>
  <system-out/>
</testsuite> <!-- TestCases.verifysignin -->
